This file contains any messages produced by compilers while
running configure, to aid debugging if configure makes a mistake.

It was created by libgssglue configure 0.4, which was
generated by GNU Autoconf 2.68.  Invocation command line was

  $ ../configure --target=x86_64-mandriva-linux-gnu --host=x86_64-mandriva-linux-gnu --build=x86_64-mandriva-linux-gnu --disable-silent-rules --disable-dependency-tracking --disable-rpath --program-prefix= --prefix=/usr --exec-prefix=/usr --bindir=/usr/bin --sbindir=/usr/sbin --sysconfdir=/etc --datadir=/usr/share --includedir=/usr/include --libdir=/usr/lib64 --libexecdir=/usr/lib64 --localstatedir=/var --sharedstatedir=/usr/com --mandir=/usr/share/man --infodir=/usr/share/info --x-includes=/usr/include --x-libraries=/usr/lib64 --disable-static

## --------- ##
## Platform. ##
## --------- ##

hostname = filzbach.lindev.ch
uname -m = x86_64
uname -r = 3.9.5-nrjQL-desktop-1omv
uname -s = Linux
uname -v = #1 SMP PREEMPT Tue Jun 18 01:57:13 MSK 2013

/usr/bin/uname -p = unknown
/bin/uname -X     = unknown

/bin/arch              = x86_64
/usr/bin/arch -k       = unknown
/usr/convex/getsysinfo = unknown
/usr/bin/hostinfo      = unknown
/bin/machine           = unknown
/usr/bin/oslevel       = unknown
/bin/universe          = unknown

PATH: /usr/bin
PATH: /bin
PATH: /usr/local/bin
PATH: /usr/X11R6/bin/
PATH: /usr/games
PATH: /usr/lib/qt4/bin
PATH: /home/bero/repos/linaro-android/scripts
PATH: /home/bero/bin
PATH: /home/bero/repos/linaro-android/scripts


## ----------- ##
## Core tests. ##
## ----------- ##

configure:2455: checking for a BSD-compatible install
configure:2523: result: /usr/bin/install -c
configure:2534: checking whether build environment is sane
configure:2584: result: yes
configure:2725: checking for a thread-safe mkdir -p
configure:2764: result: /bin/mkdir -p
configure:2777: checking for gawk
configure:2793: found /usr/bin/gawk
configure:2804: result: gawk
configure:2815: checking whether make sets $(MAKE)
configure:2837: result: yes
configure:2946: checking build system type
configure:2960: result: x86_64-mandriva-linux-gnu
configure:2980: checking host system type
configure:2993: result: x86_64-mandriva-linux-gnu
configure:3034: checking how to print strings
configure:3061: result: printf
configure:3094: checking for style of include used by make
configure:3122: result: GNU
configure:3152: checking for x86_64-mandriva-linux-gnu-gcc
configure:3168: found /usr/bin/x86_64-mandriva-linux-gnu-gcc
configure:3179: result: x86_64-mandriva-linux-gnu-gcc
configure:3448: checking for C compiler version
configure:3457: x86_64-mandriva-linux-gnu-gcc --version >&5
x86_64-mandriva-linux-gnu-gcc (Linaro GCC 4.7-2013.07) 4.7.4 20130626 (OpenMandriva Association)
Copyright (C) 2012 Free Software Foundation, Inc.
This is free software; see the source for copying conditions.  There is NO
warranty; not even for MERCHANTABILITY or FITNESS FOR A PARTICULAR PURPOSE.

configure:3468: $? = 0
configure:3457: x86_64-mandriva-linux-gnu-gcc -v >&5
Using built-in specs.
COLLECT_GCC=x86_64-mandriva-linux-gnu-gcc
COLLECT_LTO_WRAPPER=/usr/lib64/gcc/x86_64-mandriva-linux-gnu/4.7.4/lto-wrapper
Target: x86_64-mandriva-linux-gnu
Configured with: ./configure --target=x86_64-mandriva-linux-gnu --host=x86_64-mandriva-linux-gnu --build=x86_64-mandriva-linux-gnu --disable-silent-rules --disable-dependency-tracking --disable-rpath --program-prefix= --prefix=/usr --exec-prefix=/usr --bindir=/usr/bin --sbindir=/usr/sbin --sysconfdir=/etc --datadir=/usr/share --includedir=/usr/include --libdir=/usr/lib64 --libexecdir=/usr/lib64 --localstatedir=/var --sharedstatedir=/usr/com --mandir=/usr/share/man --infodir=/usr/share/info --x-includes=/usr/include --x-libraries=/usr/lib64 --disable-libjava-multilib --with-java-home=/usr/lib/jvm/java-1.5.0-gcj-1.5.0.0/jre --with-ecj-jar=/usr/share/java/eclipse-ecj.jar --enable-java-awt=gtk --enable-gtk-cairo --with-cloog --with-ppl --enable-cloog-backend=isl --disable-cloog-version-check --disable-libssp --disable-libunwind-exceptions --disable-werror --enable-__cxa_atexit --enable-gold=default --with-plugin-ld=/usr/bin/ld --enable-bootstrap --enable-checking=release --enable-gnu-unique-object --enable-languages=c,ada,c++,fortran,go,java,lto,objc,obj-c++ --enable-linker-build-id --enable-plugin --enable-lto --enable-shared --enable-threads=posix --with-system-zlib --with-bugurl=https://qa.mandriva.com/ --with-tune=generic --with-arch_32=i586 --with-multilib-list=m32,m64 --host=x86_64-mandriva-linux-gnu --target=x86_64-mandriva-linux-gnu
Thread model: posix
gcc version 4.7.4 20130626 (OpenMandriva Association) (Linaro GCC 4.7-2013.07) 
configure:3468: $? = 0
configure:3457: x86_64-mandriva-linux-gnu-gcc -V >&5
x86_64-mandriva-linux-gnu-gcc: error: unrecognized command line option '-V'
x86_64-mandriva-linux-gnu-gcc: fatal error: no input files
compilation terminated.
configure:3468: $? = 1
configure:3457: x86_64-mandriva-linux-gnu-gcc -qversion >&5
x86_64-mandriva-linux-gnu-gcc: error: unrecognized command line option '-qversion'
x86_64-mandriva-linux-gnu-gcc: fatal error: no input files
compilation terminated.
configure:3468: $? = 1
configure:3488: checking whether the C compiler works
configure:3510: x86_64-mandriva-linux-gnu-gcc -O2 -Wa,--compress-debug-sections -gdwarf-4 -fvar-tracking-assignments -frecord-gcc-switches -Wstrict-aliasing=2 -pipe -Wformat -Werror=format-security -Wp,-D_FORTIFY_SOURCE=2 -fstack-protector --param=ssp-buffer-size=4  -fPIC   -Wl,--no-undefined  conftest.c  >&5
configure:3514: $? = 0
configure:3562: result: yes
configure:3565: checking for C compiler default output file name
configure:3567: result: a.out
configure:3573: checking for suffix of executables
configure:3580: x86_64-mandriva-linux-gnu-gcc -o conftest -O2 -Wa,--compress-debug-sections -gdwarf-4 -fvar-tracking-assignments -frecord-gcc-switches -Wstrict-aliasing=2 -pipe -Wformat -Werror=format-security -Wp,-D_FORTIFY_SOURCE=2 -fstack-protector --param=ssp-buffer-size=4  -fPIC   -Wl,--no-undefined  conftest.c  >&5
configure:3584: $? = 0
configure:3606: result: 
configure:3628: checking whether we are cross compiling
configure:3636: x86_64-mandriva-linux-gnu-gcc -o conftest -O2 -Wa,--compress-debug-sections -gdwarf-4 -fvar-tracking-assignments -frecord-gcc-switches -Wstrict-aliasing=2 -pipe -Wformat -Werror=format-security -Wp,-D_FORTIFY_SOURCE=2 -fstack-protector --param=ssp-buffer-size=4  -fPIC   -Wl,--no-undefined  conftest.c  >&5
configure:3640: $? = 0
configure:3647: ./conftest
configure:3651: $? = 0
configure:3666: result: no
configure:3671: checking for suffix of object files
configure:3693: x86_64-mandriva-linux-gnu-gcc -c -O2 -Wa,--compress-debug-sections -gdwarf-4 -fvar-tracking-assignments -frecord-gcc-switches -Wstrict-aliasing=2 -pipe -Wformat -Werror=format-security -Wp,-D_FORTIFY_SOURCE=2 -fstack-protector --param=ssp-buffer-size=4  -fPIC  conftest.c >&5
configure:3697: $? = 0
configure:3718: result: o
configure:3722: checking whether we are using the GNU C compiler
configure:3741: x86_64-mandriva-linux-gnu-gcc -c -O2 -Wa,--compress-debug-sections -gdwarf-4 -fvar-tracking-assignments -frecord-gcc-switches -Wstrict-aliasing=2 -pipe -Wformat -Werror=format-security -Wp,-D_FORTIFY_SOURCE=2 -fstack-protector --param=ssp-buffer-size=4  -fPIC  conftest.c >&5
configure:3741: $? = 0
configure:3750: result: yes
configure:3759: checking whether x86_64-mandriva-linux-gnu-gcc accepts -g
configure:3779: x86_64-mandriva-linux-gnu-gcc -c -g  conftest.c >&5
configure:3779: $? = 0
configure:3820: result: yes
configure:3837: checking for x86_64-mandriva-linux-gnu-gcc option to accept ISO C89
configure:3901: x86_64-mandriva-linux-gnu-gcc  -c -O2 -Wa,--compress-debug-sections -gdwarf-4 -fvar-tracking-assignments -frecord-gcc-switches -Wstrict-aliasing=2 -pipe -Wformat -Werror=format-security -Wp,-D_FORTIFY_SOURCE=2 -fstack-protector --param=ssp-buffer-size=4  -fPIC  conftest.c >&5
configure:3901: $? = 0
configure:3914: result: none needed
configure:3936: checking dependency style of x86_64-mandriva-linux-gnu-gcc
configure:4046: result: none
configure:4061: checking for a sed that does not truncate output
configure:4125: result: /bin/sed
configure:4143: checking for grep that handles long lines and -e
configure:4201: result: /bin/grep
configure:4206: checking for egrep
configure:4268: result: /bin/grep -E
configure:4273: checking for fgrep
configure:4335: result: /bin/grep -F
configure:4370: checking for ld used by x86_64-mandriva-linux-gnu-gcc
configure:4437: result: /usr/bin/ld
configure:4444: checking if the linker (/usr/bin/ld) is GNU ld
configure:4459: result: yes
configure:4471: checking for BSD- or MS-compatible name lister (nm)
configure:4520: result: /usr/bin/nm -B
configure:4650: checking the name lister (/usr/bin/nm -B) interface
configure:4657: x86_64-mandriva-linux-gnu-gcc -c -O2 -Wa,--compress-debug-sections -gdwarf-4 -fvar-tracking-assignments -frecord-gcc-switches -Wstrict-aliasing=2 -pipe -Wformat -Werror=format-security -Wp,-D_FORTIFY_SOURCE=2 -fstack-protector --param=ssp-buffer-size=4  -fPIC  conftest.c >&5
configure:4660: /usr/bin/nm -B "conftest.o"
configure:4663: output
0000000000000000 B some_variable
configure:4670: result: BSD nm
configure:4673: checking whether ln -s works
configure:4677: result: yes
configure:4685: checking the maximum length of command line arguments
configure:4810: result: 1572864
configure:4827: checking whether the shell understands some XSI constructs
configure:4837: result: yes
configure:4841: checking whether the shell understands "+="
configure:4847: result: yes
configure:4882: checking how to convert x86_64-mandriva-linux-gnu file names to x86_64-mandriva-linux-gnu format
configure:4922: result: func_convert_file_noop
configure:4929: checking how to convert x86_64-mandriva-linux-gnu file names to toolchain format
configure:4949: result: func_convert_file_noop
configure:4956: checking for /usr/bin/ld option to reload object files
configure:4963: result: -r
configure:4997: checking for x86_64-mandriva-linux-gnu-objdump
configure:5013: found /usr/bin/x86_64-mandriva-linux-gnu-objdump
configure:5024: result: x86_64-mandriva-linux-gnu-objdump
configure:5096: checking how to recognize dependent libraries
configure:5298: result: pass_all
configure:5343: checking for x86_64-mandriva-linux-gnu-dlltool
configure:5373: result: no
configure:5383: checking for dlltool
configure:5413: result: no
configure:5443: checking how to associate runtime and link libraries
configure:5470: result: printf %s\n
configure:5487: checking for x86_64-mandriva-linux-gnu-ar
configure:5503: found /usr/bin/x86_64-mandriva-linux-gnu-ar
configure:5514: result: x86_64-mandriva-linux-gnu-ar
configure:5595: checking for archiver @FILE support
configure:5612: x86_64-mandriva-linux-gnu-gcc -c -O2 -Wa,--compress-debug-sections -gdwarf-4 -fvar-tracking-assignments -frecord-gcc-switches -Wstrict-aliasing=2 -pipe -Wformat -Werror=format-security -Wp,-D_FORTIFY_SOURCE=2 -fstack-protector --param=ssp-buffer-size=4  -fPIC  conftest.c >&5
configure:5612: $? = 0
configure:5615: x86_64-mandriva-linux-gnu-ar cru libconftest.a @conftest.lst >&5
configure:5618: $? = 0
configure:5623: x86_64-mandriva-linux-gnu-ar cru libconftest.a @conftest.lst >&5
x86_64-mandriva-linux-gnu-ar: conftest.o: No such file or directory
configure:5626: $? = 1
configure:5638: result: @
configure:5656: checking for x86_64-mandriva-linux-gnu-strip
configure:5672: found /usr/bin/x86_64-mandriva-linux-gnu-strip
configure:5683: result: x86_64-mandriva-linux-gnu-strip
configure:5755: checking for x86_64-mandriva-linux-gnu-ranlib
configure:5771: found /usr/bin/x86_64-mandriva-linux-gnu-ranlib
configure:5782: result: x86_64-mandriva-linux-gnu-ranlib
configure:5924: checking command to parse /usr/bin/nm -B output from x86_64-mandriva-linux-gnu-gcc object
configure:6043: x86_64-mandriva-linux-gnu-gcc -c -O2 -Wa,--compress-debug-sections -gdwarf-4 -fvar-tracking-assignments -frecord-gcc-switches -Wstrict-aliasing=2 -pipe -Wformat -Werror=format-security -Wp,-D_FORTIFY_SOURCE=2 -fstack-protector --param=ssp-buffer-size=4  -fPIC  conftest.c >&5
configure:6046: $? = 0
configure:6050: /usr/bin/nm -B conftest.o \| sed -n -e 's/^.*[ ]\([ABCDGIRSTW][ABCDGIRSTW]*\)[ ][ ]*\([_A-Za-z][_A-Za-z0-9]*\)$/\1 \2 \2/p' | sed '/ __gnu_lto/d' \> conftest.nm
configure:6053: $? = 0
configure:6119: x86_64-mandriva-linux-gnu-gcc -o conftest -O2 -Wa,--compress-debug-sections -gdwarf-4 -fvar-tracking-assignments -frecord-gcc-switches -Wstrict-aliasing=2 -pipe -Wformat -Werror=format-security -Wp,-D_FORTIFY_SOURCE=2 -fstack-protector --param=ssp-buffer-size=4  -fPIC   -Wl,--no-undefined  conftest.c conftstm.o >&5
configure:6122: $? = 0
configure:6160: result: ok
configure:6197: checking for sysroot
configure:6227: result: no
configure:6304: x86_64-mandriva-linux-gnu-gcc -c -O2 -Wa,--compress-debug-sections -gdwarf-4 -fvar-tracking-assignments -frecord-gcc-switches -Wstrict-aliasing=2 -pipe -Wformat -Werror=format-security -Wp,-D_FORTIFY_SOURCE=2 -fstack-protector --param=ssp-buffer-size=4  -fPIC  conftest.c >&5
configure:6307: $? = 0
configure:6430: checking for x86_64-mandriva-linux-gnu-mt
configure:6460: result: no
configure:6470: checking for mt
configure:6500: result: no
configure:6520: checking if : is a manifest tool
configure:6526: : '-?'
configure:6534: result: no
configure:7166: checking how to run the C preprocessor
configure:7197: x86_64-mandriva-linux-gnu-gcc -E  conftest.c
configure:7197: $? = 0
configure:7211: x86_64-mandriva-linux-gnu-gcc -E  conftest.c
conftest.c:11:28: fatal error: ac_nonexistent.h: No such file or directory
compilation terminated.
configure:7211: $? = 1
configure: failed program was:
| /* confdefs.h */
| #define PACKAGE_NAME "libgssglue"
| #define PACKAGE_TARNAME "libgssglue"
| #define PACKAGE_VERSION "0.4"
| #define PACKAGE_STRING "libgssglue 0.4"
| #define PACKAGE_BUGREPORT "nfsv4-wg@citi.umich.edu"
| #define PACKAGE_URL ""
| #define PACKAGE "libgssglue"
| #define VERSION "0.4"
| /* end confdefs.h.  */
| #include <ac_nonexistent.h>
configure:7236: result: x86_64-mandriva-linux-gnu-gcc -E
configure:7256: x86_64-mandriva-linux-gnu-gcc -E  conftest.c
configure:7256: $? = 0
configure:7270: x86_64-mandriva-linux-gnu-gcc -E  conftest.c
conftest.c:11:28: fatal error: ac_nonexistent.h: No such file or directory
compilation terminated.
configure:7270: $? = 1
configure: failed program was:
| /* confdefs.h */
| #define PACKAGE_NAME "libgssglue"
| #define PACKAGE_TARNAME "libgssglue"
| #define PACKAGE_VERSION "0.4"
| #define PACKAGE_STRING "libgssglue 0.4"
| #define PACKAGE_BUGREPORT "nfsv4-wg@citi.umich.edu"
| #define PACKAGE_URL ""
| #define PACKAGE "libgssglue"
| #define VERSION "0.4"
| /* end confdefs.h.  */
| #include <ac_nonexistent.h>
configure:7299: checking for ANSI C header files
configure:7319: x86_64-mandriva-linux-gnu-gcc -c -O2 -Wa,--compress-debug-sections -gdwarf-4 -fvar-tracking-assignments -frecord-gcc-switches -Wstrict-aliasing=2 -pipe -Wformat -Werror=format-security -Wp,-D_FORTIFY_SOURCE=2 -fstack-protector --param=ssp-buffer-size=4  -fPIC  conftest.c >&5
configure:7319: $? = 0
configure:7392: x86_64-mandriva-linux-gnu-gcc -o conftest -O2 -Wa,--compress-debug-sections -gdwarf-4 -fvar-tracking-assignments -frecord-gcc-switches -Wstrict-aliasing=2 -pipe -Wformat -Werror=format-security -Wp,-D_FORTIFY_SOURCE=2 -fstack-protector --param=ssp-buffer-size=4  -fPIC   -Wl,--no-undefined  conftest.c  >&5
configure:7392: $? = 0
configure:7392: ./conftest
configure:7392: $? = 0
configure:7403: result: yes
configure:7416: checking for sys/types.h
configure:7416: x86_64-mandriva-linux-gnu-gcc -c -O2 -Wa,--compress-debug-sections -gdwarf-4 -fvar-tracking-assignments -frecord-gcc-switches -Wstrict-aliasing=2 -pipe -Wformat -Werror=format-security -Wp,-D_FORTIFY_SOURCE=2 -fstack-protector --param=ssp-buffer-size=4  -fPIC  conftest.c >&5
configure:7416: $? = 0
configure:7416: result: yes
configure:7416: checking for sys/stat.h
configure:7416: x86_64-mandriva-linux-gnu-gcc -c -O2 -Wa,--compress-debug-sections -gdwarf-4 -fvar-tracking-assignments -frecord-gcc-switches -Wstrict-aliasing=2 -pipe -Wformat -Werror=format-security -Wp,-D_FORTIFY_SOURCE=2 -fstack-protector --param=ssp-buffer-size=4  -fPIC  conftest.c >&5
configure:7416: $? = 0
configure:7416: result: yes
configure:7416: checking for stdlib.h
configure:7416: x86_64-mandriva-linux-gnu-gcc -c -O2 -Wa,--compress-debug-sections -gdwarf-4 -fvar-tracking-assignments -frecord-gcc-switches -Wstrict-aliasing=2 -pipe -Wformat -Werror=format-security -Wp,-D_FORTIFY_SOURCE=2 -fstack-protector --param=ssp-buffer-size=4  -fPIC  conftest.c >&5
configure:7416: $? = 0
configure:7416: result: yes
configure:7416: checking for string.h
configure:7416: x86_64-mandriva-linux-gnu-gcc -c -O2 -Wa,--compress-debug-sections -gdwarf-4 -fvar-tracking-assignments -frecord-gcc-switches -Wstrict-aliasing=2 -pipe -Wformat -Werror=format-security -Wp,-D_FORTIFY_SOURCE=2 -fstack-protector --param=ssp-buffer-size=4  -fPIC  conftest.c >&5
configure:7416: $? = 0
configure:7416: result: yes
configure:7416: checking for memory.h
configure:7416: x86_64-mandriva-linux-gnu-gcc -c -O2 -Wa,--compress-debug-sections -gdwarf-4 -fvar-tracking-assignments -frecord-gcc-switches -Wstrict-aliasing=2 -pipe -Wformat -Werror=format-security -Wp,-D_FORTIFY_SOURCE=2 -fstack-protector --param=ssp-buffer-size=4  -fPIC  conftest.c >&5
configure:7416: $? = 0
configure:7416: result: yes
configure:7416: checking for strings.h
configure:7416: x86_64-mandriva-linux-gnu-gcc -c -O2 -Wa,--compress-debug-sections -gdwarf-4 -fvar-tracking-assignments -frecord-gcc-switches -Wstrict-aliasing=2 -pipe -Wformat -Werror=format-security -Wp,-D_FORTIFY_SOURCE=2 -fstack-protector --param=ssp-buffer-size=4  -fPIC  conftest.c >&5
configure:7416: $? = 0
configure:7416: result: yes
configure:7416: checking for inttypes.h
configure:7416: x86_64-mandriva-linux-gnu-gcc -c -O2 -Wa,--compress-debug-sections -gdwarf-4 -fvar-tracking-assignments -frecord-gcc-switches -Wstrict-aliasing=2 -pipe -Wformat -Werror=format-security -Wp,-D_FORTIFY_SOURCE=2 -fstack-protector --param=ssp-buffer-size=4  -fPIC  conftest.c >&5
configure:7416: $? = 0
configure:7416: result: yes
configure:7416: checking for stdint.h
configure:7416: x86_64-mandriva-linux-gnu-gcc -c -O2 -Wa,--compress-debug-sections -gdwarf-4 -fvar-tracking-assignments -frecord-gcc-switches -Wstrict-aliasing=2 -pipe -Wformat -Werror=format-security -Wp,-D_FORTIFY_SOURCE=2 -fstack-protector --param=ssp-buffer-size=4  -fPIC  conftest.c >&5
configure:7416: $? = 0
configure:7416: result: yes
configure:7416: checking for unistd.h
configure:7416: x86_64-mandriva-linux-gnu-gcc -c -O2 -Wa,--compress-debug-sections -gdwarf-4 -fvar-tracking-assignments -frecord-gcc-switches -Wstrict-aliasing=2 -pipe -Wformat -Werror=format-security -Wp,-D_FORTIFY_SOURCE=2 -fstack-protector --param=ssp-buffer-size=4  -fPIC  conftest.c >&5
configure:7416: $? = 0
configure:7416: result: yes
configure:7430: checking for dlfcn.h
configure:7430: x86_64-mandriva-linux-gnu-gcc -c -O2 -Wa,--compress-debug-sections -gdwarf-4 -fvar-tracking-assignments -frecord-gcc-switches -Wstrict-aliasing=2 -pipe -Wformat -Werror=format-security -Wp,-D_FORTIFY_SOURCE=2 -fstack-protector --param=ssp-buffer-size=4  -fPIC  conftest.c >&5
configure:7430: $? = 0
configure:7430: result: yes
configure:7617: checking for objdir
configure:7632: result: .libs
configure:7899: checking if x86_64-mandriva-linux-gnu-gcc supports -fno-rtti -fno-exceptions
configure:7917: x86_64-mandriva-linux-gnu-gcc -c -O2 -Wa,--compress-debug-sections -gdwarf-4 -fvar-tracking-assignments -frecord-gcc-switches -Wstrict-aliasing=2 -pipe -Wformat -Werror=format-security -Wp,-D_FORTIFY_SOURCE=2 -fstack-protector --param=ssp-buffer-size=4  -fPIC  -fno-rtti -fno-exceptions conftest.c >&5
cc1: warning: command line option '-fno-rtti' is valid for C++/ObjC++ but not for C [enabled by default]
configure:7921: $? = 0
configure:7934: result: no
configure:8244: checking for x86_64-mandriva-linux-gnu-gcc option to produce PIC
configure:8251: result: -fPIC -DPIC
configure:8259: checking if x86_64-mandriva-linux-gnu-gcc PIC flag -fPIC -DPIC works
configure:8277: x86_64-mandriva-linux-gnu-gcc -c -O2 -Wa,--compress-debug-sections -gdwarf-4 -fvar-tracking-assignments -frecord-gcc-switches -Wstrict-aliasing=2 -pipe -Wformat -Werror=format-security -Wp,-D_FORTIFY_SOURCE=2 -fstack-protector --param=ssp-buffer-size=4  -fPIC  -fPIC -DPIC -DPIC conftest.c >&5
configure:8281: $? = 0
configure:8294: result: yes
configure:8323: checking if x86_64-mandriva-linux-gnu-gcc static flag -static works
configure:8351: result: yes
configure:8366: checking if x86_64-mandriva-linux-gnu-gcc supports -c -o file.o
configure:8387: x86_64-mandriva-linux-gnu-gcc -c -O2 -Wa,--compress-debug-sections -gdwarf-4 -fvar-tracking-assignments -frecord-gcc-switches -Wstrict-aliasing=2 -pipe -Wformat -Werror=format-security -Wp,-D_FORTIFY_SOURCE=2 -fstack-protector --param=ssp-buffer-size=4  -fPIC  -o out/conftest2.o conftest.c >&5
configure:8391: $? = 0
configure:8413: result: yes
configure:8421: checking if x86_64-mandriva-linux-gnu-gcc supports -c -o file.o
configure:8468: result: yes
configure:8501: checking whether the x86_64-mandriva-linux-gnu-gcc linker (/usr/bin/ld -m elf_x86_64) supports shared libraries
configure:9659: result: yes
configure:9696: checking whether -lc should be explicitly linked in
configure:9704: x86_64-mandriva-linux-gnu-gcc -c -O2 -Wa,--compress-debug-sections -gdwarf-4 -fvar-tracking-assignments -frecord-gcc-switches -Wstrict-aliasing=2 -pipe -Wformat -Werror=format-security -Wp,-D_FORTIFY_SOURCE=2 -fstack-protector --param=ssp-buffer-size=4  -fPIC  conftest.c >&5
configure:9707: $? = 0
configure:9722: x86_64-mandriva-linux-gnu-gcc -shared  -fPIC -DPIC conftest.o  -v -Wl,-soname -Wl,conftest -o conftest 2\>\&1 \| /bin/grep  -lc  \>/dev/null 2\>\&1
configure:9725: $? = 0
configure:9739: result: no
configure:9904: checking dynamic linker characteristics
configure:10418: x86_64-mandriva-linux-gnu-gcc -o conftest -O2 -Wa,--compress-debug-sections -gdwarf-4 -fvar-tracking-assignments -frecord-gcc-switches -Wstrict-aliasing=2 -pipe -Wformat -Werror=format-security -Wp,-D_FORTIFY_SOURCE=2 -fstack-protector --param=ssp-buffer-size=4  -fPIC   -Wl,--no-undefined  -Wl,-rpath -Wl,/foo conftest.c  >&5
configure:10418: $? = 0
configure:10644: result: GNU/Linux ld.so
configure:10751: checking how to hardcode library paths into programs
configure:10776: result: immediate
configure:11316: checking whether stripping libraries is possible
configure:11321: result: yes
configure:11356: checking if libtool supports shared libraries
configure:11358: result: yes
configure:11361: checking whether to build shared libraries
configure:11382: result: yes
configure:11385: checking whether to build static libraries
configure:11389: result: no
configure:11437: checking for x86_64-mandriva-linux-gnu-gcc
configure:11464: result: x86_64-mandriva-linux-gnu-gcc
configure:11733: checking for C compiler version
configure:11742: x86_64-mandriva-linux-gnu-gcc --version >&5
x86_64-mandriva-linux-gnu-gcc (Linaro GCC 4.7-2013.07) 4.7.4 20130626 (OpenMandriva Association)
Copyright (C) 2012 Free Software Foundation, Inc.
This is free software; see the source for copying conditions.  There is NO
warranty; not even for MERCHANTABILITY or FITNESS FOR A PARTICULAR PURPOSE.

configure:11753: $? = 0
configure:11742: x86_64-mandriva-linux-gnu-gcc -v >&5
Using built-in specs.
COLLECT_GCC=x86_64-mandriva-linux-gnu-gcc
COLLECT_LTO_WRAPPER=/usr/lib64/gcc/x86_64-mandriva-linux-gnu/4.7.4/lto-wrapper
Target: x86_64-mandriva-linux-gnu
Configured with: ./configure --target=x86_64-mandriva-linux-gnu --host=x86_64-mandriva-linux-gnu --build=x86_64-mandriva-linux-gnu --disable-silent-rules --disable-dependency-tracking --disable-rpath --program-prefix= --prefix=/usr --exec-prefix=/usr --bindir=/usr/bin --sbindir=/usr/sbin --sysconfdir=/etc --datadir=/usr/share --includedir=/usr/include --libdir=/usr/lib64 --libexecdir=/usr/lib64 --localstatedir=/var --sharedstatedir=/usr/com --mandir=/usr/share/man --infodir=/usr/share/info --x-includes=/usr/include --x-libraries=/usr/lib64 --disable-libjava-multilib --with-java-home=/usr/lib/jvm/java-1.5.0-gcj-1.5.0.0/jre --with-ecj-jar=/usr/share/java/eclipse-ecj.jar --enable-java-awt=gtk --enable-gtk-cairo --with-cloog --with-ppl --enable-cloog-backend=isl --disable-cloog-version-check --disable-libssp --disable-libunwind-exceptions --disable-werror --enable-__cxa_atexit --enable-gold=default --with-plugin-ld=/usr/bin/ld --enable-bootstrap --enable-checking=release --enable-gnu-unique-object --enable-languages=c,ada,c++,fortran,go,java,lto,objc,obj-c++ --enable-linker-build-id --enable-plugin --enable-lto --enable-shared --enable-threads=posix --with-system-zlib --with-bugurl=https://qa.mandriva.com/ --with-tune=generic --with-arch_32=i586 --with-multilib-list=m32,m64 --host=x86_64-mandriva-linux-gnu --target=x86_64-mandriva-linux-gnu
Thread model: posix
gcc version 4.7.4 20130626 (OpenMandriva Association) (Linaro GCC 4.7-2013.07) 
configure:11753: $? = 0
configure:11742: x86_64-mandriva-linux-gnu-gcc -V >&5
x86_64-mandriva-linux-gnu-gcc: error: unrecognized command line option '-V'
x86_64-mandriva-linux-gnu-gcc: fatal error: no input files
compilation terminated.
configure:11753: $? = 1
configure:11742: x86_64-mandriva-linux-gnu-gcc -qversion >&5
x86_64-mandriva-linux-gnu-gcc: error: unrecognized command line option '-qversion'
x86_64-mandriva-linux-gnu-gcc: fatal error: no input files
compilation terminated.
configure:11753: $? = 1
configure:11757: checking whether we are using the GNU C compiler
configure:11785: result: yes
configure:11794: checking whether x86_64-mandriva-linux-gnu-gcc accepts -g
configure:11855: result: yes
configure:11872: checking for x86_64-mandriva-linux-gnu-gcc option to accept ISO C89
configure:11949: result: none needed
configure:11971: checking dependency style of x86_64-mandriva-linux-gnu-gcc
configure:12081: result: none
configure:12099: checking for x86_64-mandriva-linux-gnu-ranlib
configure:12126: result: x86_64-mandriva-linux-gnu-ranlib
configure:12192: checking for ANSI C header files
configure:12296: result: yes
configure:12307: checking stddef.h usability
configure:12307: x86_64-mandriva-linux-gnu-gcc -c -O2 -Wa,--compress-debug-sections -gdwarf-4 -fvar-tracking-assignments -frecord-gcc-switches -Wstrict-aliasing=2 -pipe -Wformat -Werror=format-security -Wp,-D_FORTIFY_SOURCE=2 -fstack-protector --param=ssp-buffer-size=4  -fPIC  conftest.c >&5
configure:12307: $? = 0
configure:12307: result: yes
configure:12307: checking stddef.h presence
configure:12307: x86_64-mandriva-linux-gnu-gcc -E  conftest.c
configure:12307: $? = 0
configure:12307: result: yes
configure:12307: checking for stddef.h
configure:12307: result: yes
configure:12307: checking for stdlib.h
configure:12307: result: yes
configure:12307: checking for string.h
configure:12307: result: yes
configure:12307: checking for unistd.h
configure:12307: result: yes
configure:12319: checking for an ANSI C-conforming const
configure:12384: x86_64-mandriva-linux-gnu-gcc -c -O2 -Wa,--compress-debug-sections -gdwarf-4 -fvar-tracking-assignments -frecord-gcc-switches -Wstrict-aliasing=2 -pipe -Wformat -Werror=format-security -Wp,-D_FORTIFY_SOURCE=2 -fstack-protector --param=ssp-buffer-size=4  -fPIC  conftest.c >&5
configure:12384: $? = 0
configure:12391: result: yes
configure:12399: checking for size_t
configure:12399: x86_64-mandriva-linux-gnu-gcc -c -O2 -Wa,--compress-debug-sections -gdwarf-4 -fvar-tracking-assignments -frecord-gcc-switches -Wstrict-aliasing=2 -pipe -Wformat -Werror=format-security -Wp,-D_FORTIFY_SOURCE=2 -fstack-protector --param=ssp-buffer-size=4  -fPIC  conftest.c >&5
configure:12399: $? = 0
configure:12399: x86_64-mandriva-linux-gnu-gcc -c -O2 -Wa,--compress-debug-sections -gdwarf-4 -fvar-tracking-assignments -frecord-gcc-switches -Wstrict-aliasing=2 -pipe -Wformat -Werror=format-security -Wp,-D_FORTIFY_SOURCE=2 -fstack-protector --param=ssp-buffer-size=4  -fPIC  conftest.c >&5
conftest.c: In function 'main':
conftest.c:64:21: error: expected expression before ')' token
configure:12399: $? = 1
configure: failed program was:
| /* confdefs.h */
| #define PACKAGE_NAME "libgssglue"
| #define PACKAGE_TARNAME "libgssglue"
| #define PACKAGE_VERSION "0.4"
| #define PACKAGE_STRING "libgssglue 0.4"
| #define PACKAGE_BUGREPORT "nfsv4-wg@citi.umich.edu"
| #define PACKAGE_URL ""
| #define PACKAGE "libgssglue"
| #define VERSION "0.4"
| #define STDC_HEADERS 1
| #define HAVE_SYS_TYPES_H 1
| #define HAVE_SYS_STAT_H 1
| #define HAVE_STDLIB_H 1
| #define HAVE_STRING_H 1
| #define HAVE_MEMORY_H 1
| #define HAVE_STRINGS_H 1
| #define HAVE_INTTYPES_H 1
| #define HAVE_STDINT_H 1
| #define HAVE_UNISTD_H 1
| #define HAVE_DLFCN_H 1
| #define LT_OBJDIR ".libs/"
| #define STDC_HEADERS 1
| #define HAVE_STDDEF_H 1
| #define HAVE_STDLIB_H 1
| #define HAVE_STRING_H 1
| #define HAVE_UNISTD_H 1
| /* end confdefs.h.  */
| #include <stdio.h>
| #ifdef HAVE_SYS_TYPES_H
| # include <sys/types.h>
| #endif
| #ifdef HAVE_SYS_STAT_H
| # include <sys/stat.h>
| #endif
| #ifdef STDC_HEADERS
| # include <stdlib.h>
| # include <stddef.h>
| #else
| # ifdef HAVE_STDLIB_H
| #  include <stdlib.h>
| # endif
| #endif
| #ifdef HAVE_STRING_H
| # if !defined STDC_HEADERS && defined HAVE_MEMORY_H
| #  include <memory.h>
| # endif
| # include <string.h>
| #endif
| #ifdef HAVE_STRINGS_H
| # include <strings.h>
| #endif
| #ifdef HAVE_INTTYPES_H
| # include <inttypes.h>
| #endif
| #ifdef HAVE_STDINT_H
| # include <stdint.h>
| #endif
| #ifdef HAVE_UNISTD_H
| # include <unistd.h>
| #endif
| int
| main ()
| {
| if (sizeof ((size_t)))
| 	    return 0;
|   ;
|   return 0;
| }
configure:12399: result: yes
configure:12410: checking for uid_t in sys/types.h
configure:12429: result: yes
configure:12444: checking size of short
configure:12449: x86_64-mandriva-linux-gnu-gcc -o conftest -O2 -Wa,--compress-debug-sections -gdwarf-4 -fvar-tracking-assignments -frecord-gcc-switches -Wstrict-aliasing=2 -pipe -Wformat -Werror=format-security -Wp,-D_FORTIFY_SOURCE=2 -fstack-protector --param=ssp-buffer-size=4  -fPIC   -Wl,--no-undefined  conftest.c  >&5
configure:12449: $? = 0
configure:12449: ./conftest
configure:12449: $? = 0
configure:12463: result: 2
configure:12477: checking size of int
configure:12482: x86_64-mandriva-linux-gnu-gcc -o conftest -O2 -Wa,--compress-debug-sections -gdwarf-4 -fvar-tracking-assignments -frecord-gcc-switches -Wstrict-aliasing=2 -pipe -Wformat -Werror=format-security -Wp,-D_FORTIFY_SOURCE=2 -fstack-protector --param=ssp-buffer-size=4  -fPIC   -Wl,--no-undefined  conftest.c  >&5
configure:12482: $? = 0
configure:12482: ./conftest
configure:12482: $? = 0
configure:12496: result: 4
configure:12510: checking size of long
configure:12515: x86_64-mandriva-linux-gnu-gcc -o conftest -O2 -Wa,--compress-debug-sections -gdwarf-4 -fvar-tracking-assignments -frecord-gcc-switches -Wstrict-aliasing=2 -pipe -Wformat -Werror=format-security -Wp,-D_FORTIFY_SOURCE=2 -fstack-protector --param=ssp-buffer-size=4  -fPIC   -Wl,--no-undefined  conftest.c  >&5
configure:12515: $? = 0
configure:12515: ./conftest
configure:12515: $? = 0
configure:12529: result: 8
configure:12543: checking size of size_t
configure:12548: x86_64-mandriva-linux-gnu-gcc -o conftest -O2 -Wa,--compress-debug-sections -gdwarf-4 -fvar-tracking-assignments -frecord-gcc-switches -Wstrict-aliasing=2 -pipe -Wformat -Werror=format-security -Wp,-D_FORTIFY_SOURCE=2 -fstack-protector --param=ssp-buffer-size=4  -fPIC   -Wl,--no-undefined  conftest.c  >&5
configure:12548: $? = 0
configure:12548: ./conftest
configure:12548: $? = 0
configure:12562: result: 8
configure:12576: checking for stdlib.h
configure:12576: result: yes
configure:12586: checking for GNU libc compatible malloc
configure:12610: x86_64-mandriva-linux-gnu-gcc -o conftest -O2 -Wa,--compress-debug-sections -gdwarf-4 -fvar-tracking-assignments -frecord-gcc-switches -Wstrict-aliasing=2 -pipe -Wformat -Werror=format-security -Wp,-D_FORTIFY_SOURCE=2 -fstack-protector --param=ssp-buffer-size=4  -fPIC   -Wl,--no-undefined  conftest.c  >&5
configure:12610: $? = 0
configure:12610: ./conftest
configure:12610: $? = 0
configure:12620: result: yes
configure:12641: checking for working memcmp
configure:12684: x86_64-mandriva-linux-gnu-gcc -o conftest -O2 -Wa,--compress-debug-sections -gdwarf-4 -fvar-tracking-assignments -frecord-gcc-switches -Wstrict-aliasing=2 -pipe -Wformat -Werror=format-security -Wp,-D_FORTIFY_SOURCE=2 -fstack-protector --param=ssp-buffer-size=4  -fPIC   -Wl,--no-undefined  conftest.c  >&5
configure:12684: $? = 0
configure:12684: ./conftest
configure:12684: $? = 0
configure:12694: result: yes
configure:12705: checking for stdlib.h
configure:12705: result: yes
configure:12715: checking for GNU libc compatible realloc
configure:12739: x86_64-mandriva-linux-gnu-gcc -o conftest -O2 -Wa,--compress-debug-sections -gdwarf-4 -fvar-tracking-assignments -frecord-gcc-switches -Wstrict-aliasing=2 -pipe -Wformat -Werror=format-security -Wp,-D_FORTIFY_SOURCE=2 -fstack-protector --param=ssp-buffer-size=4  -fPIC   -Wl,--no-undefined  conftest.c  >&5
configure:12739: $? = 0
configure:12739: ./conftest
configure:12739: $? = 0
configure:12749: result: yes
configure:12773: checking for memset
configure:12773: x86_64-mandriva-linux-gnu-gcc -o conftest -O2 -Wa,--compress-debug-sections -gdwarf-4 -fvar-tracking-assignments -frecord-gcc-switches -Wstrict-aliasing=2 -pipe -Wformat -Werror=format-security -Wp,-D_FORTIFY_SOURCE=2 -fstack-protector --param=ssp-buffer-size=4  -fPIC   -Wl,--no-undefined  conftest.c  >&5
conftest.c:59:6: warning: conflicting types for built-in function 'memset' [enabled by default]
configure:12773: $? = 0
configure:12773: result: yes
configure:12773: checking for strerror
configure:12773: x86_64-mandriva-linux-gnu-gcc -o conftest -O2 -Wa,--compress-debug-sections -gdwarf-4 -fvar-tracking-assignments -frecord-gcc-switches -Wstrict-aliasing=2 -pipe -Wformat -Werror=format-security -Wp,-D_FORTIFY_SOURCE=2 -fstack-protector --param=ssp-buffer-size=4  -fPIC   -Wl,--no-undefined  conftest.c  >&5
configure:12773: $? = 0
configure:12773: result: yes
configure:12922: creating ./config.status

## ---------------------- ##
## Running config.status. ##
## ---------------------- ##

This file was extended by libgssglue config.status 0.4, which was
generated by GNU Autoconf 2.68.  Invocation command line was

  CONFIG_FILES    = 
  CONFIG_HEADERS  = 
  CONFIG_LINKS    = 
  CONFIG_COMMANDS = 
  $ ./config.status 

on filzbach.lindev.ch

config.status:1105: creating Makefile
config.status:1105: creating src/Makefile
config.status:1105: creating libgssglue.pc
config.status:1105: creating src/gssglue/config.h
config.status:1319: executing depfiles commands
config.status:1319: executing libtool commands
configure:15159: WARNING: unrecognized options: --disable-silent-rules, --disable-rpath

## ---------------- ##
## Cache variables. ##
## ---------------- ##

ac_cv_build=x86_64-mandriva-linux-gnu
ac_cv_c_compiler_gnu=yes
ac_cv_c_const=yes
ac_cv_env_CC_set=
ac_cv_env_CC_value=
ac_cv_env_CFLAGS_set=set
ac_cv_env_CFLAGS_value='-O2 -Wa,--compress-debug-sections -gdwarf-4 -fvar-tracking-assignments -frecord-gcc-switches -Wstrict-aliasing=2 -pipe -Wformat -Werror=format-security -Wp,-D_FORTIFY_SOURCE=2 -fstack-protector --param=ssp-buffer-size=4  -fPIC'
ac_cv_env_CPPFLAGS_set=
ac_cv_env_CPPFLAGS_value=
ac_cv_env_CPP_set=
ac_cv_env_CPP_value=
ac_cv_env_LDFLAGS_set=set
ac_cv_env_LDFLAGS_value=' -Wl,--no-undefined '
ac_cv_env_LIBS_set=
ac_cv_env_LIBS_value=
ac_cv_env_build_alias_set=set
ac_cv_env_build_alias_value=x86_64-mandriva-linux-gnu
ac_cv_env_host_alias_set=set
ac_cv_env_host_alias_value=x86_64-mandriva-linux-gnu
ac_cv_env_target_alias_set=set
ac_cv_env_target_alias_value=x86_64-mandriva-linux-gnu
ac_cv_func_malloc_0_nonnull=yes
ac_cv_func_memcmp_working=yes
ac_cv_func_memset=yes
ac_cv_func_realloc_0_nonnull=yes
ac_cv_func_strerror=yes
ac_cv_header_dlfcn_h=yes
ac_cv_header_inttypes_h=yes
ac_cv_header_memory_h=yes
ac_cv_header_stdc=yes
ac_cv_header_stddef_h=yes
ac_cv_header_stdint_h=yes
ac_cv_header_stdlib_h=yes
ac_cv_header_string_h=yes
ac_cv_header_strings_h=yes
ac_cv_header_sys_stat_h=yes
ac_cv_header_sys_types_h=yes
ac_cv_header_unistd_h=yes
ac_cv_host=x86_64-mandriva-linux-gnu
ac_cv_objext=o
ac_cv_path_EGREP='/bin/grep -E'
ac_cv_path_FGREP='/bin/grep -F'
ac_cv_path_GREP=/bin/grep
ac_cv_path_SED=/bin/sed
ac_cv_path_install='/usr/bin/install -c'
ac_cv_path_mkdir=/bin/mkdir
ac_cv_prog_AR=x86_64-mandriva-linux-gnu-ar
ac_cv_prog_AWK=gawk
ac_cv_prog_CC=x86_64-mandriva-linux-gnu-gcc
ac_cv_prog_CPP='x86_64-mandriva-linux-gnu-gcc -E'
ac_cv_prog_OBJDUMP=x86_64-mandriva-linux-gnu-objdump
ac_cv_prog_RANLIB=x86_64-mandriva-linux-gnu-ranlib
ac_cv_prog_STRIP=x86_64-mandriva-linux-gnu-strip
ac_cv_prog_cc_c89=
ac_cv_prog_cc_g=yes
ac_cv_prog_make_make_set=yes
ac_cv_sizeof_int=4
ac_cv_sizeof_long=8
ac_cv_sizeof_short=2
ac_cv_sizeof_size_t=8
ac_cv_type_size_t=yes
ac_cv_type_uid_t=yes
am_cv_CC_dependencies_compiler_type=none
lt_cv_ar_at_file=@
lt_cv_archive_cmds_need_lc=no
lt_cv_deplibs_check_method=pass_all
lt_cv_file_magic_cmd='$MAGIC_CMD'
lt_cv_file_magic_test_file=
lt_cv_ld_reload_flag=-r
lt_cv_nm_interface='BSD nm'
lt_cv_objdir=.libs
lt_cv_path_LD=/usr/bin/ld
lt_cv_path_NM='/usr/bin/nm -B'
lt_cv_path_mainfest_tool=no
lt_cv_prog_compiler_c_o=yes
lt_cv_prog_compiler_pic='-fPIC -DPIC'
lt_cv_prog_compiler_pic_works=yes
lt_cv_prog_compiler_rtti_exceptions=no
lt_cv_prog_compiler_static_works=yes
lt_cv_prog_gnu_ld=yes
lt_cv_sharedlib_from_linklib_cmd='printf %s\n'
lt_cv_shlibpath_overrides_runpath=yes
lt_cv_sys_global_symbol_pipe='sed -n -e '\''s/^.*[	 ]\([ABCDGIRSTW][ABCDGIRSTW]*\)[	 ][	 ]*\([_A-Za-z][_A-Za-z0-9]*\)$/\1 \2 \2/p'\'' | sed '\''/ __gnu_lto/d'\'''
lt_cv_sys_global_symbol_to_c_name_address='sed -n -e '\''s/^: \([^ ]*\)[ ]*$/  {\"\1\", (void *) 0},/p'\'' -e '\''s/^[ABCDGIRSTW]* \([^ ]*\) \([^ ]*\)$/  {"\2", (void *) \&\2},/p'\'''
lt_cv_sys_global_symbol_to_c_name_address_lib_prefix='sed -n -e '\''s/^: \([^ ]*\)[ ]*$/  {\"\1\", (void *) 0},/p'\'' -e '\''s/^[ABCDGIRSTW]* \([^ ]*\) \(lib[^ ]*\)$/  {"\2", (void *) \&\2},/p'\'' -e '\''s/^[ABCDGIRSTW]* \([^ ]*\) \([^ ]*\)$/  {"lib\2", (void *) \&\2},/p'\'''
lt_cv_sys_global_symbol_to_cdecl='sed -n -e '\''s/^T .* \(.*\)$/extern int \1();/p'\'' -e '\''s/^[ABCDGIRSTW]* .* \(.*\)$/extern char \1;/p'\'''
lt_cv_sys_max_cmd_len=1572864
lt_cv_to_host_file_cmd=func_convert_file_noop
lt_cv_to_tool_file_cmd=func_convert_file_noop

## ----------------- ##
## Output variables. ##
## ----------------- ##

ACLOCAL='${SHELL} /home/bero/abf/libgssglue/BUILD/libgssglue-0.4/missing --run aclocal-1.11'
AMDEPBACKSLASH=''
AMDEP_FALSE=''
AMDEP_TRUE='#'
AMTAR='${SHELL} /home/bero/abf/libgssglue/BUILD/libgssglue-0.4/missing --run tar'
AR='x86_64-mandriva-linux-gnu-ar'
AUTOCONF='${SHELL} /home/bero/abf/libgssglue/BUILD/libgssglue-0.4/missing --run autoconf'
AUTOHEADER='${SHELL} /home/bero/abf/libgssglue/BUILD/libgssglue-0.4/missing --run autoheader'
AUTOMAKE='${SHELL} /home/bero/abf/libgssglue/BUILD/libgssglue-0.4/missing --run automake-1.11'
AWK='gawk'
CC='x86_64-mandriva-linux-gnu-gcc'
CCDEPMODE='depmode=none'
CFLAGS='-O2 -Wa,--compress-debug-sections -gdwarf-4 -fvar-tracking-assignments -frecord-gcc-switches -Wstrict-aliasing=2 -pipe -Wformat -Werror=format-security -Wp,-D_FORTIFY_SOURCE=2 -fstack-protector --param=ssp-buffer-size=4  -fPIC'
CPP='x86_64-mandriva-linux-gnu-gcc -E'
CPPFLAGS=''
CYGPATH_W='echo'
DEFS='-DHAVE_CONFIG_H'
DEPDIR='.deps'
DLLTOOL='false'
DSYMUTIL=''
DUMPBIN=''
ECHO_C=''
ECHO_N='-n'
ECHO_T=''
EGREP='/bin/grep -E'
EXEEXT=''
FGREP='/bin/grep -F'
GREP='/bin/grep'
INSTALL_DATA='${INSTALL} -m 644'
INSTALL_PROGRAM='${INSTALL}'
INSTALL_SCRIPT='${INSTALL}'
INSTALL_STRIP_PROGRAM='$(install_sh) -c -s'
LD='/usr/bin/ld -m elf_x86_64'
LDFLAGS=' -Wl,--no-undefined '
LIBOBJS=''
LIBS=''
LIBTOOL='$(SHELL) $(top_builddir)/libtool'
LIPO=''
LN_S='ln -s'
LTLIBOBJS=''
MAKEINFO='${SHELL} /home/bero/abf/libgssglue/BUILD/libgssglue-0.4/missing --run makeinfo'
MANIFEST_TOOL=':'
MKDIR_P='/bin/mkdir -p'
NM='/usr/bin/nm -B'
NMEDIT=''
OBJDUMP='x86_64-mandriva-linux-gnu-objdump'
OBJEXT='o'
OTOOL64=''
OTOOL=''
PACKAGE='libgssglue'
PACKAGE_BUGREPORT='nfsv4-wg@citi.umich.edu'
PACKAGE_NAME='libgssglue'
PACKAGE_STRING='libgssglue 0.4'
PACKAGE_TARNAME='libgssglue'
PACKAGE_URL=''
PACKAGE_VERSION='0.4'
PATH_SEPARATOR=':'
RANLIB='x86_64-mandriva-linux-gnu-ranlib'
SED='/bin/sed'
SET_MAKE=''
SHELL='/bin/sh'
STRIP='x86_64-mandriva-linux-gnu-strip'
VERSION='0.4'
ac_ct_AR=''
ac_ct_CC=''
ac_ct_DUMPBIN=''
am__EXEEXT_FALSE=''
am__EXEEXT_TRUE='#'
am__fastdepCC_FALSE=''
am__fastdepCC_TRUE='#'
am__include='include'
am__isrc=' -I$(srcdir)'
am__leading_dot='.'
am__quote=''
am__tar='${AMTAR} chof - "$$tardir"'
am__untar='${AMTAR} xf -'
bindir='/usr/bin'
build='x86_64-mandriva-linux-gnu'
build_alias='x86_64-mandriva-linux-gnu'
build_cpu='x86_64'
build_os='linux-gnu'
build_vendor='mandriva'
datadir='/usr/share'
datarootdir='${prefix}/share'
docdir='${datarootdir}/doc/${PACKAGE_TARNAME}'
dvidir='${docdir}'
exec_prefix='/usr'
host='x86_64-mandriva-linux-gnu'
host_alias='x86_64-mandriva-linux-gnu'
host_cpu='x86_64'
host_os='linux-gnu'
host_vendor='mandriva'
htmldir='${docdir}'
includedir='/usr/include'
infodir='/usr/share/info'
install_sh='${SHELL} /home/bero/abf/libgssglue/BUILD/libgssglue-0.4/install-sh'
libdir='/usr/lib64'
libexecdir='/usr/lib64'
localedir='${datarootdir}/locale'
localstatedir='/var'
mandir='/usr/share/man'
mkdir_p='/bin/mkdir -p'
oldincludedir='/usr/include'
pdfdir='${docdir}'
prefix='/usr'
program_transform_name='s&^&&'
psdir='${docdir}'
sbindir='/usr/sbin'
sharedstatedir='/usr/com'
sysconfdir='/etc'
target_alias='x86_64-mandriva-linux-gnu'

## ----------- ##
## confdefs.h. ##
## ----------- ##

/* confdefs.h */
#define PACKAGE_NAME "libgssglue"
#define PACKAGE_TARNAME "libgssglue"
#define PACKAGE_VERSION "0.4"
#define PACKAGE_STRING "libgssglue 0.4"
#define PACKAGE_BUGREPORT "nfsv4-wg@citi.umich.edu"
#define PACKAGE_URL ""
#define PACKAGE "libgssglue"
#define VERSION "0.4"
#define STDC_HEADERS 1
#define HAVE_SYS_TYPES_H 1
#define HAVE_SYS_STAT_H 1
#define HAVE_STDLIB_H 1
#define HAVE_STRING_H 1
#define HAVE_MEMORY_H 1
#define HAVE_STRINGS_H 1
#define HAVE_INTTYPES_H 1
#define HAVE_STDINT_H 1
#define HAVE_UNISTD_H 1
#define HAVE_DLFCN_H 1
#define LT_OBJDIR ".libs/"
#define STDC_HEADERS 1
#define HAVE_STDDEF_H 1
#define HAVE_STDLIB_H 1
#define HAVE_STRING_H 1
#define HAVE_UNISTD_H 1
#define SIZEOF_SHORT 2
#define SIZEOF_INT 4
#define SIZEOF_LONG 8
#define SIZEOF_SIZE_T 8
#define HAVE_STDLIB_H 1
#define HAVE_MALLOC 1
#define HAVE_STDLIB_H 1
#define HAVE_REALLOC 1
#define HAVE_MEMSET 1
#define HAVE_STRERROR 1

configure: exit 0
